<?xml version="1.0" encoding="UTF-8"?>

<mule xmlns:data-mapper="http://www.mulesoft.org/schema/mule/ee/data-mapper" xmlns:sap="http://www.mulesoft.org/schema/mule/sap" xmlns:sfdc="http://www.mulesoft.org/schema/mule/sfdc" xmlns="http://www.mulesoft.org/schema/mule/core" xmlns:doc="http://www.mulesoft.org/schema/mule/documentation" xmlns:spring="http://www.springframework.org/schema/beans" version="EE-3.6.2" xmlns:xsi="http://www.w3.org/2001/XMLSchema-instance" xsi:schemaLocation="http://www.springframework.org/schema/beans http://www.springframework.org/schema/beans/spring-beans-current.xsd
http://www.mulesoft.org/schema/mule/core http://www.mulesoft.org/schema/mule/core/current/mule.xsd
http://www.mulesoft.org/schema/mule/sfdc http://www.mulesoft.org/schema/mule/sfdc/current/mule-sfdc.xsd
http://www.mulesoft.org/schema/mule/sap http://www.mulesoft.org/schema/mule/sap/current/mule-sap.xsd
http://www.mulesoft.org/schema/mule/ee/data-mapper http://www.mulesoft.org/schema/mule/ee/data-mapper/current/mule-data-mapper.xsd">
    <data-mapper:config name="BAPI_CUSTOMER_GETINTNUMBER_to_Customr_Number" transformationGraphPath="bapi_customer_getintnumber_to_customr_number.grf" doc:name="DataMapper"/>
    <data-mapper:config name="Salesfore_Account_to_DEBMAS01" transformationGraphPath="salesfore_account_to_debmas01.grf" doc:name="DataMapper"/>
    <sub-flow name="retrieveContactFromSalesforceFlow" doc:name="retrieveContactFromSalesforceFlow">

        <sfdc:query-single config-ref="Salesforce" query="SELECT Id, AccountID, Account.Name, FirstName, LastName FROM Contact WHERE FirstName = '#[payload[&quot;FirstName&quot;]]' and LastName = '#[payload[&quot;LastName&quot;]]'" doc:name="Salesforce" />
        <logger level="INFO" doc:name="Logger" message="Salesforce Contact retrieved: #[payload]"/>
    </sub-flow>
    <sub-flow name="deleteFromSalesforceFlow" doc:name="deleteFromSalesforceFlow">

        <sfdc:delete config-ref="Salesforce" doc:name="Salesforce">
            <sfdc:ids ref="#[payload]"/>
        </sfdc:delete>
        <logger message="Deleted Salesforce records: #[payload]" level="INFO" doc:name="Logger"/>
    </sub-flow>

</mule>